<?xml version="1.0" encoding="UTF-8"?>
<!-- Generated by org.testng.reporters.JUnitXMLReporter -->
<testsuite hostname="zzhMac.local" name="paramTest4" tests="1" failures="1" timestamp="11 Mar 2020 07:01:20 GMT" time="2.147" errors="0">
  <testcase name="testOption" time="0.181" classname="com.example.zzh.test.TestParam">
    <failure type="java.lang.AssertionError" message="使用了optional的值">
      <![CDATA[java.lang.AssertionError: 使用了optional的值
	at com.example.zzh.test.TestParam.testOption(TestParam.java:125)
	at org.springframework.test.context.testng.AbstractTestNGSpringContextTests.run(AbstractTestNGSpringContextTests.java:181)
	at com.intellij.rt.testng.IDEARemoteTestNG.run(IDEARemoteTestNG.java:66)
	at com.intellij.rt.testng.RemoteTestNGStarter.main(RemoteTestNGStarter.java:110)
... Removed 29 stack frames]]>
    </failure>
  </testcase> <!-- testOption -->
</testsuite> <!-- paramTest4 -->
